[DEBUG]: (2022-11-10 10:14:40) Success connect to database l3
[DEBUG]: (2022-11-10 10:14:40) app created
[DEBUG]: (2022-11-10 10:14:40) Context initializated
[ERROR]: (2022-11-10 10:14:40) cannot get: pq: relation "public.refresh_stream" does not exist
[ERROR]: (2022-11-10 10:14:40) cannot get response from database: pq: relation "public.refresh_stream" does not exist
[WARNING]: (2022-11-10 10:14:45) Got signal: interrupt, exiting
[DEBUG]: (2022-11-10 10:14:45) Established closing of connection to DB
[DEBUG]: (2022-11-10 10:15:14) Success connect to database www
[DEBUG]: (2022-11-10 10:15:14) app created
[DEBUG]: (2022-11-10 10:15:14) Context initializated
[ERROR]: (2022-11-10 10:15:15) sql: expected 12 destination arguments in Scan, not 11
[ERROR]: (2022-11-10 10:15:15) cannot get response from database: sql: expected 12 destination arguments in Scan, not 11
[WARNING]: (2022-11-10 10:15:19) Got signal: interrupt, exiting
[DEBUG]: (2022-11-10 10:15:19) Established closing of connection to DB
[DEBUG]: (2022-11-10 10:16:31) Success connect to database www
[DEBUG]: (2022-11-10 10:16:31) app created
[DEBUG]: (2022-11-10 10:16:31) Context initializated
[ERROR]: (2022-11-10 10:16:31) sql: expected 12 destination arguments in Scan, not 11
[ERROR]: (2022-11-10 10:16:31) cannot get response from database: sql: expected 12 destination arguments in Scan, not 11
[WARNING]: (2022-11-10 10:16:33) Got signal: interrupt, exiting
[DEBUG]: (2022-11-10 10:16:33) Established closing of connection to DB
[DEBUG]: (2022-11-10 10:23:21) Success connect to database www
[DEBUG]: (2022-11-10 10:23:21) app created
[DEBUG]: (2022-11-10 10:23:21) Context initializated
[DEBUG]: (2022-11-10 10:23:21) Received response from the database
[DEBUG]: (2022-11-10 10:23:21) Response from database:
[{125 {auth3 true} {10.2 true} {11 true} 111 {111 true} {111 true} {false true} {true true} {false true} {true true}} {126 {aaa true} {aaa true} {aaa true} bbb { true} {321 true} {true true} {true true} {true true} {true true}} {129 {222 true} { true} {222 true}  { true} {321 true} {false false} {false true} {false true} {true true}} {3 {user:pass true} { false} { false} 456 { false} { false} {false false} {false false} {false false} {false false}} {2 {auth true} {ip true} {stream true} port {sp true} {cam true} {true true} {false true} {false true} {true true}}]
[WARNING]: (2022-11-10 10:23:22) Got signal: interrupt, exiting
[DEBUG]: (2022-11-10 10:23:22) Established closing of connection to DB
